<?xml version="1.0" encoding="UTF-8"?>
<testsuite xmlns:xsi="http://www.w3.org/2001/XMLSchema-instance" xsi:noNamespaceSchemaLocation="https://maven.apache.org/surefire/maven-surefire-plugin/xsd/surefire-test-report-3.0.xsd" version="3.0" name="com.itechgenie.apps.apidocs.ITGApiDocsApplicationTest" time="5.075" tests="1" errors="0" skipped="0" failures="0">
  <properties>
    <property name="java.specification.version" value="21"/>
    <property name="sun.cpu.isalist" value="amd64"/>
    <property name="sun.jnu.encoding" value="Cp1252"/>
    <property name="java.class.path" value="D:\Projects\WSJdk\ITGApiDocsSpring\target\test-classes;D:\Projects\WSJdk\ITGApiDocsSpring\target\classes;D:\MVN_REPO\org\springframework\boot\spring-boot-starter-actuator\3.3.4\spring-boot-starter-actuator-3.3.4.jar;D:\MVN_REPO\org\springframework\boot\spring-boot-starter\3.3.4\spring-boot-starter-3.3.4.jar;D:\MVN_REPO\org\springframework\boot\spring-boot-starter-logging\3.3.4\spring-boot-starter-logging-3.3.4.jar;D:\MVN_REPO\ch\qos\logback\logback-classic\1.5.8\logback-classic-1.5.8.jar;D:\MVN_REPO\ch\qos\logback\logback-core\1.5.8\logback-core-1.5.8.jar;D:\MVN_REPO\org\apache\logging\log4j\log4j-to-slf4j\2.23.1\log4j-to-slf4j-2.23.1.jar;D:\MVN_REPO\org\apache\logging\log4j\log4j-api\2.23.1\log4j-api-2.23.1.jar;D:\MVN_REPO\org\slf4j\jul-to-slf4j\2.0.16\jul-to-slf4j-2.0.16.jar;D:\MVN_REPO\jakarta\annotation\jakarta.annotation-api\2.1.1\jakarta.annotation-api-2.1.1.jar;D:\MVN_REPO\org\springframework\boot\spring-boot-actuator-autoconfigure\3.3.4\spring-boot-actuator-autoconfigure-3.3.4.jar;D:\MVN_REPO\org\springframework\boot\spring-boot-actuator\3.3.4\spring-boot-actuator-3.3.4.jar;D:\MVN_REPO\com\fasterxml\jackson\datatype\jackson-datatype-jsr310\2.17.2\jackson-datatype-jsr310-2.17.2.jar;D:\MVN_REPO\io\micrometer\micrometer-observation\1.13.4\micrometer-observation-1.13.4.jar;D:\MVN_REPO\io\micrometer\micrometer-commons\1.13.4\micrometer-commons-1.13.4.jar;D:\MVN_REPO\io\micrometer\micrometer-jakarta9\1.13.4\micrometer-jakarta9-1.13.4.jar;D:\MVN_REPO\io\micrometer\micrometer-core\1.13.4\micrometer-core-1.13.4.jar;D:\MVN_REPO\org\hdrhistogram\HdrHistogram\2.2.2\HdrHistogram-2.2.2.jar;D:\MVN_REPO\org\latencyutils\LatencyUtils\2.0.3\LatencyUtils-2.0.3.jar;D:\MVN_REPO\org\springframework\boot\spring-boot-starter-batch\3.3.4\spring-boot-starter-batch-3.3.4.jar;D:\MVN_REPO\org\springframework\boot\spring-boot-starter-jdbc\3.3.4\spring-boot-starter-jdbc-3.3.4.jar;D:\MVN_REPO\com\zaxxer\HikariCP\5.1.0\HikariCP-5.1.0.jar;D:\MVN_REPO\org\springframework\batch\spring-batch-core\5.1.2\spring-batch-core-5.1.2.jar;D:\MVN_REPO\org\springframework\batch\spring-batch-infrastructure\5.1.2\spring-batch-infrastructure-5.1.2.jar;D:\MVN_REPO\org\springframework\retry\spring-retry\2.0.9\spring-retry-2.0.9.jar;D:\MVN_REPO\org\springframework\spring-aop\6.1.13\spring-aop-6.1.13.jar;D:\MVN_REPO\org\springframework\spring-beans\6.1.13\spring-beans-6.1.13.jar;D:\MVN_REPO\org\springframework\spring-context\6.1.13\spring-context-6.1.13.jar;D:\MVN_REPO\org\springframework\spring-tx\6.1.13\spring-tx-6.1.13.jar;D:\MVN_REPO\org\springframework\boot\spring-boot-starter-data-elasticsearch\3.3.4\spring-boot-starter-data-elasticsearch-3.3.4.jar;D:\MVN_REPO\org\springframework\data\spring-data-elasticsearch\5.3.4\spring-data-elasticsearch-5.3.4.jar;D:\MVN_REPO\org\springframework\data\spring-data-commons\3.3.4\spring-data-commons-3.3.4.jar;D:\MVN_REPO\co\elastic\clients\elasticsearch-java\8.13.4\elasticsearch-java-8.13.4.jar;D:\MVN_REPO\com\google\code\findbugs\jsr305\3.0.2\jsr305-3.0.2.jar;D:\MVN_REPO\jakarta\json\jakarta.json-api\2.1.3\jakarta.json-api-2.1.3.jar;D:\MVN_REPO\org\eclipse\parsson\parsson\1.0.5\parsson-1.0.5.jar;D:\MVN_REPO\io\opentelemetry\opentelemetry-api\1.37.0\opentelemetry-api-1.37.0.jar;D:\MVN_REPO\io\opentelemetry\opentelemetry-context\1.37.0\opentelemetry-context-1.37.0.jar;D:\MVN_REPO\org\elasticsearch\client\elasticsearch-rest-client\8.13.4\elasticsearch-rest-client-8.13.4.jar;D:\MVN_REPO\org\apache\httpcomponents\httpclient\4.5.14\httpclient-4.5.14.jar;D:\MVN_REPO\org\apache\httpcomponents\httpcore\4.4.16\httpcore-4.4.16.jar;D:\MVN_REPO\org\apache\httpcomponents\httpasyncclient\4.1.5\httpasyncclient-4.1.5.jar;D:\MVN_REPO\org\apache\httpcomponents\httpcore-nio\4.4.16\httpcore-nio-4.4.16.jar;D:\MVN_REPO\commons-codec\commons-codec\1.16.1\commons-codec-1.16.1.jar;D:\MVN_REPO\org\springframework\boot\spring-boot-starter-json\3.3.4\spring-boot-starter-json-3.3.4.jar;D:\MVN_REPO\com\fasterxml\jackson\datatype\jackson-datatype-jdk8\2.17.2\jackson-datatype-jdk8-2.17.2.jar;D:\MVN_REPO\com\fasterxml\jackson\module\jackson-module-parameter-names\2.17.2\jackson-module-parameter-names-2.17.2.jar;D:\MVN_REPO\org\springframework\boot\spring-boot-starter-web\3.3.4\spring-boot-starter-web-3.3.4.jar;D:\MVN_REPO\org\springframework\boot\spring-boot-starter-tomcat\3.3.4\spring-boot-starter-tomcat-3.3.4.jar;D:\MVN_REPO\org\apache\tomcat\embed\tomcat-embed-core\10.1.30\tomcat-embed-core-10.1.30.jar;D:\MVN_REPO\org\apache\tomcat\embed\tomcat-embed-el\10.1.30\tomcat-embed-el-10.1.30.jar;D:\MVN_REPO\org\apache\tomcat\embed\tomcat-embed-websocket\10.1.30\tomcat-embed-websocket-10.1.30.jar;D:\MVN_REPO\org\springframework\spring-web\6.1.13\spring-web-6.1.13.jar;D:\MVN_REPO\org\springframework\spring-webmvc\6.1.13\spring-webmvc-6.1.13.jar;D:\MVN_REPO\org\springframework\spring-expression\6.1.13\spring-expression-6.1.13.jar;D:\MVN_REPO\io\micrometer\micrometer-tracing-bridge-brave\1.3.4\micrometer-tracing-bridge-brave-1.3.4.jar;D:\MVN_REPO\io\micrometer\micrometer-tracing\1.3.4\micrometer-tracing-1.3.4.jar;D:\MVN_REPO\io\micrometer\context-propagation\1.1.1\context-propagation-1.1.1.jar;D:\MVN_REPO\aopalliance\aopalliance\1.0\aopalliance-1.0.jar;D:\MVN_REPO\org\slf4j\slf4j-api\2.0.16\slf4j-api-2.0.16.jar;D:\MVN_REPO\io\zipkin\brave\brave\6.0.3\brave-6.0.3.jar;D:\MVN_REPO\io\zipkin\brave\brave-context-slf4j\6.0.3\brave-context-slf4j-6.0.3.jar;D:\MVN_REPO\io\zipkin\brave\brave-instrumentation-http\6.0.3\brave-instrumentation-http-6.0.3.jar;D:\MVN_REPO\io\zipkin\aws\brave-propagation-aws\1.2.5\brave-propagation-aws-1.2.5.jar;D:\MVN_REPO\io\zipkin\contrib\brave-propagation-w3c\brave-propagation-tracecontext\0.2.0\brave-propagation-tracecontext-0.2.0.jar;D:\MVN_REPO\org\xerial\sqlite-jdbc\3.45.3.0\sqlite-jdbc-3.45.3.0.jar;D:\MVN_REPO\io\swagger\parser\v3\swagger-parser-v3\2.1.12\swagger-parser-v3-2.1.12.jar;D:\MVN_REPO\io\swagger\core\v3\swagger-models\2.2.8\swagger-models-2.2.8.jar;D:\MVN_REPO\io\swagger\core\v3\swagger-core\2.2.8\swagger-core-2.2.8.jar;D:\MVN_REPO\org\apache\commons\commons-lang3\3.14.0\commons-lang3-3.14.0.jar;D:\MVN_REPO\io\swagger\core\v3\swagger-annotations\2.2.8\swagger-annotations-2.2.8.jar;D:\MVN_REPO\jakarta\validation\jakarta.validation-api\3.0.2\jakarta.validation-api-3.0.2.jar;D:\MVN_REPO\io\swagger\parser\v3\swagger-parser-core\2.1.12\swagger-parser-core-2.1.12.jar;D:\MVN_REPO\commons-io\commons-io\2.11.0\commons-io-2.11.0.jar;D:\MVN_REPO\org\yaml\snakeyaml\2.2\snakeyaml-2.2.jar;D:\MVN_REPO\com\fasterxml\jackson\core\jackson-annotations\2.17.2\jackson-annotations-2.17.2.jar;D:\MVN_REPO\com\fasterxml\jackson\dataformat\jackson-dataformat-yaml\2.17.2\jackson-dataformat-yaml-2.17.2.jar;D:\MVN_REPO\com\fasterxml\jackson\core\jackson-databind\2.17.2\jackson-databind-2.17.2.jar;D:\MVN_REPO\com\fasterxml\jackson\core\jackson-core\2.17.2\jackson-core-2.17.2.jar;D:\MVN_REPO\org\springframework\boot\spring-boot-devtools\3.3.4\spring-boot-devtools-3.3.4.jar;D:\MVN_REPO\org\springframework\boot\spring-boot\3.3.4\spring-boot-3.3.4.jar;D:\MVN_REPO\org\springframework\boot\spring-boot-autoconfigure\3.3.4\spring-boot-autoconfigure-3.3.4.jar;D:\MVN_REPO\org\projectlombok\lombok\1.18.34\lombok-1.18.34.jar;D:\MVN_REPO\org\springframework\boot\spring-boot-starter-test\3.3.4\spring-boot-starter-test-3.3.4.jar;D:\MVN_REPO\org\springframework\boot\spring-boot-test\3.3.4\spring-boot-test-3.3.4.jar;D:\MVN_REPO\org\springframework\boot\spring-boot-test-autoconfigure\3.3.4\spring-boot-test-autoconfigure-3.3.4.jar;D:\MVN_REPO\com\jayway\jsonpath\json-path\2.9.0\json-path-2.9.0.jar;D:\MVN_REPO\jakarta\xml\bind\jakarta.xml.bind-api\4.0.2\jakarta.xml.bind-api-4.0.2.jar;D:\MVN_REPO\jakarta\activation\jakarta.activation-api\2.1.3\jakarta.activation-api-2.1.3.jar;D:\MVN_REPO\net\minidev\json-smart\2.5.1\json-smart-2.5.1.jar;D:\MVN_REPO\net\minidev\accessors-smart\2.5.1\accessors-smart-2.5.1.jar;D:\MVN_REPO\org\ow2\asm\asm\9.6\asm-9.6.jar;D:\MVN_REPO\org\assertj\assertj-core\3.25.3\assertj-core-3.25.3.jar;D:\MVN_REPO\net\bytebuddy\byte-buddy\1.14.19\byte-buddy-1.14.19.jar;D:\MVN_REPO\org\awaitility\awaitility\4.2.2\awaitility-4.2.2.jar;D:\MVN_REPO\org\hamcrest\hamcrest\2.2\hamcrest-2.2.jar;D:\MVN_REPO\org\junit\jupiter\junit-jupiter\5.10.3\junit-jupiter-5.10.3.jar;D:\MVN_REPO\org\junit\jupiter\junit-jupiter-api\5.10.3\junit-jupiter-api-5.10.3.jar;D:\MVN_REPO\org\opentest4j\opentest4j\1.3.0\opentest4j-1.3.0.jar;D:\MVN_REPO\org\junit\platform\junit-platform-commons\1.10.3\junit-platform-commons-1.10.3.jar;D:\MVN_REPO\org\apiguardian\apiguardian-api\1.1.2\apiguardian-api-1.1.2.jar;D:\MVN_REPO\org\junit\jupiter\junit-jupiter-params\5.10.3\junit-jupiter-params-5.10.3.jar;D:\MVN_REPO\org\junit\jupiter\junit-jupiter-engine\5.10.3\junit-jupiter-engine-5.10.3.jar;D:\MVN_REPO\org\junit\platform\junit-platform-engine\1.10.3\junit-platform-engine-1.10.3.jar;D:\MVN_REPO\org\mockito\mockito-core\5.11.0\mockito-core-5.11.0.jar;D:\MVN_REPO\net\bytebuddy\byte-buddy-agent\1.14.19\byte-buddy-agent-1.14.19.jar;D:\MVN_REPO\org\objenesis\objenesis\3.3\objenesis-3.3.jar;D:\MVN_REPO\org\mockito\mockito-junit-jupiter\5.11.0\mockito-junit-jupiter-5.11.0.jar;D:\MVN_REPO\org\skyscreamer\jsonassert\1.5.3\jsonassert-1.5.3.jar;D:\MVN_REPO\com\vaadin\external\google\android-json\0.0.20131108.vaadin1\android-json-0.0.20131108.vaadin1.jar;D:\MVN_REPO\org\springframework\spring-core\6.1.13\spring-core-6.1.13.jar;D:\MVN_REPO\org\springframework\spring-jcl\6.1.13\spring-jcl-6.1.13.jar;D:\MVN_REPO\org\springframework\spring-test\6.1.13\spring-test-6.1.13.jar;D:\MVN_REPO\org\xmlunit\xmlunit-core\2.9.1\xmlunit-core-2.9.1.jar;D:\MVN_REPO\org\springframework\batch\spring-batch-test\5.1.2\spring-batch-test-5.1.2.jar;D:\MVN_REPO\org\springframework\spring-jdbc\6.1.13\spring-jdbc-6.1.13.jar;"/>
    <property name="java.vm.vendor" value="Amazon.com Inc."/>
    <property name="sun.arch.data.model" value="64"/>
    <property name="user.variant" value=""/>
    <property name="java.vendor.url" value="https://aws.amazon.com/corretto/"/>
    <property name="user.timezone" value="Asia/Calcutta"/>
    <property name="os.name" value="Windows 11"/>
    <property name="java.vm.specification.version" value="21"/>
    <property name="sun.java.launcher" value="SUN_STANDARD"/>
    <property name="user.country" value="IN"/>
    <property name="sun.boot.library.path" value="D:\Tools\AmazonCorretto\jdk21.0.4_7\bin"/>
    <property name="sun.java.command" value="C:\Users\praka\AppData\Local\Temp\surefire9390522173936842075\surefirebooter-20241101220406533_3.jar C:\Users\praka\AppData\Local\Temp\surefire9390522173936842075 2024-11-01T22-04-06_386-jvmRun1 surefire-20241101220406533_1tmp surefire_0-20241101220406533_2tmp"/>
    <property name="jdk.debug" value="release"/>
    <property name="surefire.test.class.path" value="D:\Projects\WSJdk\ITGApiDocsSpring\target\test-classes;D:\Projects\WSJdk\ITGApiDocsSpring\target\classes;D:\MVN_REPO\org\springframework\boot\spring-boot-starter-actuator\3.3.4\spring-boot-starter-actuator-3.3.4.jar;D:\MVN_REPO\org\springframework\boot\spring-boot-starter\3.3.4\spring-boot-starter-3.3.4.jar;D:\MVN_REPO\org\springframework\boot\spring-boot-starter-logging\3.3.4\spring-boot-starter-logging-3.3.4.jar;D:\MVN_REPO\ch\qos\logback\logback-classic\1.5.8\logback-classic-1.5.8.jar;D:\MVN_REPO\ch\qos\logback\logback-core\1.5.8\logback-core-1.5.8.jar;D:\MVN_REPO\org\apache\logging\log4j\log4j-to-slf4j\2.23.1\log4j-to-slf4j-2.23.1.jar;D:\MVN_REPO\org\apache\logging\log4j\log4j-api\2.23.1\log4j-api-2.23.1.jar;D:\MVN_REPO\org\slf4j\jul-to-slf4j\2.0.16\jul-to-slf4j-2.0.16.jar;D:\MVN_REPO\jakarta\annotation\jakarta.annotation-api\2.1.1\jakarta.annotation-api-2.1.1.jar;D:\MVN_REPO\org\springframework\boot\spring-boot-actuator-autoconfigure\3.3.4\spring-boot-actuator-autoconfigure-3.3.4.jar;D:\MVN_REPO\org\springframework\boot\spring-boot-actuator\3.3.4\spring-boot-actuator-3.3.4.jar;D:\MVN_REPO\com\fasterxml\jackson\datatype\jackson-datatype-jsr310\2.17.2\jackson-datatype-jsr310-2.17.2.jar;D:\MVN_REPO\io\micrometer\micrometer-observation\1.13.4\micrometer-observation-1.13.4.jar;D:\MVN_REPO\io\micrometer\micrometer-commons\1.13.4\micrometer-commons-1.13.4.jar;D:\MVN_REPO\io\micrometer\micrometer-jakarta9\1.13.4\micrometer-jakarta9-1.13.4.jar;D:\MVN_REPO\io\micrometer\micrometer-core\1.13.4\micrometer-core-1.13.4.jar;D:\MVN_REPO\org\hdrhistogram\HdrHistogram\2.2.2\HdrHistogram-2.2.2.jar;D:\MVN_REPO\org\latencyutils\LatencyUtils\2.0.3\LatencyUtils-2.0.3.jar;D:\MVN_REPO\org\springframework\boot\spring-boot-starter-batch\3.3.4\spring-boot-starter-batch-3.3.4.jar;D:\MVN_REPO\org\springframework\boot\spring-boot-starter-jdbc\3.3.4\spring-boot-starter-jdbc-3.3.4.jar;D:\MVN_REPO\com\zaxxer\HikariCP\5.1.0\HikariCP-5.1.0.jar;D:\MVN_REPO\org\springframework\batch\spring-batch-core\5.1.2\spring-batch-core-5.1.2.jar;D:\MVN_REPO\org\springframework\batch\spring-batch-infrastructure\5.1.2\spring-batch-infrastructure-5.1.2.jar;D:\MVN_REPO\org\springframework\retry\spring-retry\2.0.9\spring-retry-2.0.9.jar;D:\MVN_REPO\org\springframework\spring-aop\6.1.13\spring-aop-6.1.13.jar;D:\MVN_REPO\org\springframework\spring-beans\6.1.13\spring-beans-6.1.13.jar;D:\MVN_REPO\org\springframework\spring-context\6.1.13\spring-context-6.1.13.jar;D:\MVN_REPO\org\springframework\spring-tx\6.1.13\spring-tx-6.1.13.jar;D:\MVN_REPO\org\springframework\boot\spring-boot-starter-data-elasticsearch\3.3.4\spring-boot-starter-data-elasticsearch-3.3.4.jar;D:\MVN_REPO\org\springframework\data\spring-data-elasticsearch\5.3.4\spring-data-elasticsearch-5.3.4.jar;D:\MVN_REPO\org\springframework\data\spring-data-commons\3.3.4\spring-data-commons-3.3.4.jar;D:\MVN_REPO\co\elastic\clients\elasticsearch-java\8.13.4\elasticsearch-java-8.13.4.jar;D:\MVN_REPO\com\google\code\findbugs\jsr305\3.0.2\jsr305-3.0.2.jar;D:\MVN_REPO\jakarta\json\jakarta.json-api\2.1.3\jakarta.json-api-2.1.3.jar;D:\MVN_REPO\org\eclipse\parsson\parsson\1.0.5\parsson-1.0.5.jar;D:\MVN_REPO\io\opentelemetry\opentelemetry-api\1.37.0\opentelemetry-api-1.37.0.jar;D:\MVN_REPO\io\opentelemetry\opentelemetry-context\1.37.0\opentelemetry-context-1.37.0.jar;D:\MVN_REPO\org\elasticsearch\client\elasticsearch-rest-client\8.13.4\elasticsearch-rest-client-8.13.4.jar;D:\MVN_REPO\org\apache\httpcomponents\httpclient\4.5.14\httpclient-4.5.14.jar;D:\MVN_REPO\org\apache\httpcomponents\httpcore\4.4.16\httpcore-4.4.16.jar;D:\MVN_REPO\org\apache\httpcomponents\httpasyncclient\4.1.5\httpasyncclient-4.1.5.jar;D:\MVN_REPO\org\apache\httpcomponents\httpcore-nio\4.4.16\httpcore-nio-4.4.16.jar;D:\MVN_REPO\commons-codec\commons-codec\1.16.1\commons-codec-1.16.1.jar;D:\MVN_REPO\org\springframework\boot\spring-boot-starter-json\3.3.4\spring-boot-starter-json-3.3.4.jar;D:\MVN_REPO\com\fasterxml\jackson\datatype\jackson-datatype-jdk8\2.17.2\jackson-datatype-jdk8-2.17.2.jar;D:\MVN_REPO\com\fasterxml\jackson\module\jackson-module-parameter-names\2.17.2\jackson-module-parameter-names-2.17.2.jar;D:\MVN_REPO\org\springframework\boot\spring-boot-starter-web\3.3.4\spring-boot-starter-web-3.3.4.jar;D:\MVN_REPO\org\springframework\boot\spring-boot-starter-tomcat\3.3.4\spring-boot-starter-tomcat-3.3.4.jar;D:\MVN_REPO\org\apache\tomcat\embed\tomcat-embed-core\10.1.30\tomcat-embed-core-10.1.30.jar;D:\MVN_REPO\org\apache\tomcat\embed\tomcat-embed-el\10.1.30\tomcat-embed-el-10.1.30.jar;D:\MVN_REPO\org\apache\tomcat\embed\tomcat-embed-websocket\10.1.30\tomcat-embed-websocket-10.1.30.jar;D:\MVN_REPO\org\springframework\spring-web\6.1.13\spring-web-6.1.13.jar;D:\MVN_REPO\org\springframework\spring-webmvc\6.1.13\spring-webmvc-6.1.13.jar;D:\MVN_REPO\org\springframework\spring-expression\6.1.13\spring-expression-6.1.13.jar;D:\MVN_REPO\io\micrometer\micrometer-tracing-bridge-brave\1.3.4\micrometer-tracing-bridge-brave-1.3.4.jar;D:\MVN_REPO\io\micrometer\micrometer-tracing\1.3.4\micrometer-tracing-1.3.4.jar;D:\MVN_REPO\io\micrometer\context-propagation\1.1.1\context-propagation-1.1.1.jar;D:\MVN_REPO\aopalliance\aopalliance\1.0\aopalliance-1.0.jar;D:\MVN_REPO\org\slf4j\slf4j-api\2.0.16\slf4j-api-2.0.16.jar;D:\MVN_REPO\io\zipkin\brave\brave\6.0.3\brave-6.0.3.jar;D:\MVN_REPO\io\zipkin\brave\brave-context-slf4j\6.0.3\brave-context-slf4j-6.0.3.jar;D:\MVN_REPO\io\zipkin\brave\brave-instrumentation-http\6.0.3\brave-instrumentation-http-6.0.3.jar;D:\MVN_REPO\io\zipkin\aws\brave-propagation-aws\1.2.5\brave-propagation-aws-1.2.5.jar;D:\MVN_REPO\io\zipkin\contrib\brave-propagation-w3c\brave-propagation-tracecontext\0.2.0\brave-propagation-tracecontext-0.2.0.jar;D:\MVN_REPO\org\xerial\sqlite-jdbc\3.45.3.0\sqlite-jdbc-3.45.3.0.jar;D:\MVN_REPO\io\swagger\parser\v3\swagger-parser-v3\2.1.12\swagger-parser-v3-2.1.12.jar;D:\MVN_REPO\io\swagger\core\v3\swagger-models\2.2.8\swagger-models-2.2.8.jar;D:\MVN_REPO\io\swagger\core\v3\swagger-core\2.2.8\swagger-core-2.2.8.jar;D:\MVN_REPO\org\apache\commons\commons-lang3\3.14.0\commons-lang3-3.14.0.jar;D:\MVN_REPO\io\swagger\core\v3\swagger-annotations\2.2.8\swagger-annotations-2.2.8.jar;D:\MVN_REPO\jakarta\validation\jakarta.validation-api\3.0.2\jakarta.validation-api-3.0.2.jar;D:\MVN_REPO\io\swagger\parser\v3\swagger-parser-core\2.1.12\swagger-parser-core-2.1.12.jar;D:\MVN_REPO\commons-io\commons-io\2.11.0\commons-io-2.11.0.jar;D:\MVN_REPO\org\yaml\snakeyaml\2.2\snakeyaml-2.2.jar;D:\MVN_REPO\com\fasterxml\jackson\core\jackson-annotations\2.17.2\jackson-annotations-2.17.2.jar;D:\MVN_REPO\com\fasterxml\jackson\dataformat\jackson-dataformat-yaml\2.17.2\jackson-dataformat-yaml-2.17.2.jar;D:\MVN_REPO\com\fasterxml\jackson\core\jackson-databind\2.17.2\jackson-databind-2.17.2.jar;D:\MVN_REPO\com\fasterxml\jackson\core\jackson-core\2.17.2\jackson-core-2.17.2.jar;D:\MVN_REPO\org\springframework\boot\spring-boot-devtools\3.3.4\spring-boot-devtools-3.3.4.jar;D:\MVN_REPO\org\springframework\boot\spring-boot\3.3.4\spring-boot-3.3.4.jar;D:\MVN_REPO\org\springframework\boot\spring-boot-autoconfigure\3.3.4\spring-boot-autoconfigure-3.3.4.jar;D:\MVN_REPO\org\projectlombok\lombok\1.18.34\lombok-1.18.34.jar;D:\MVN_REPO\org\springframework\boot\spring-boot-starter-test\3.3.4\spring-boot-starter-test-3.3.4.jar;D:\MVN_REPO\org\springframework\boot\spring-boot-test\3.3.4\spring-boot-test-3.3.4.jar;D:\MVN_REPO\org\springframework\boot\spring-boot-test-autoconfigure\3.3.4\spring-boot-test-autoconfigure-3.3.4.jar;D:\MVN_REPO\com\jayway\jsonpath\json-path\2.9.0\json-path-2.9.0.jar;D:\MVN_REPO\jakarta\xml\bind\jakarta.xml.bind-api\4.0.2\jakarta.xml.bind-api-4.0.2.jar;D:\MVN_REPO\jakarta\activation\jakarta.activation-api\2.1.3\jakarta.activation-api-2.1.3.jar;D:\MVN_REPO\net\minidev\json-smart\2.5.1\json-smart-2.5.1.jar;D:\MVN_REPO\net\minidev\accessors-smart\2.5.1\accessors-smart-2.5.1.jar;D:\MVN_REPO\org\ow2\asm\asm\9.6\asm-9.6.jar;D:\MVN_REPO\org\assertj\assertj-core\3.25.3\assertj-core-3.25.3.jar;D:\MVN_REPO\net\bytebuddy\byte-buddy\1.14.19\byte-buddy-1.14.19.jar;D:\MVN_REPO\org\awaitility\awaitility\4.2.2\awaitility-4.2.2.jar;D:\MVN_REPO\org\hamcrest\hamcrest\2.2\hamcrest-2.2.jar;D:\MVN_REPO\org\junit\jupiter\junit-jupiter\5.10.3\junit-jupiter-5.10.3.jar;D:\MVN_REPO\org\junit\jupiter\junit-jupiter-api\5.10.3\junit-jupiter-api-5.10.3.jar;D:\MVN_REPO\org\opentest4j\opentest4j\1.3.0\opentest4j-1.3.0.jar;D:\MVN_REPO\org\junit\platform\junit-platform-commons\1.10.3\junit-platform-commons-1.10.3.jar;D:\MVN_REPO\org\apiguardian\apiguardian-api\1.1.2\apiguardian-api-1.1.2.jar;D:\MVN_REPO\org\junit\jupiter\junit-jupiter-params\5.10.3\junit-jupiter-params-5.10.3.jar;D:\MVN_REPO\org\junit\jupiter\junit-jupiter-engine\5.10.3\junit-jupiter-engine-5.10.3.jar;D:\MVN_REPO\org\junit\platform\junit-platform-engine\1.10.3\junit-platform-engine-1.10.3.jar;D:\MVN_REPO\org\mockito\mockito-core\5.11.0\mockito-core-5.11.0.jar;D:\MVN_REPO\net\bytebuddy\byte-buddy-agent\1.14.19\byte-buddy-agent-1.14.19.jar;D:\MVN_REPO\org\objenesis\objenesis\3.3\objenesis-3.3.jar;D:\MVN_REPO\org\mockito\mockito-junit-jupiter\5.11.0\mockito-junit-jupiter-5.11.0.jar;D:\MVN_REPO\org\skyscreamer\jsonassert\1.5.3\jsonassert-1.5.3.jar;D:\MVN_REPO\com\vaadin\external\google\android-json\0.0.20131108.vaadin1\android-json-0.0.20131108.vaadin1.jar;D:\MVN_REPO\org\springframework\spring-core\6.1.13\spring-core-6.1.13.jar;D:\MVN_REPO\org\springframework\spring-jcl\6.1.13\spring-jcl-6.1.13.jar;D:\MVN_REPO\org\springframework\spring-test\6.1.13\spring-test-6.1.13.jar;D:\MVN_REPO\org\xmlunit\xmlunit-core\2.9.1\xmlunit-core-2.9.1.jar;D:\MVN_REPO\org\springframework\batch\spring-batch-test\5.1.2\spring-batch-test-5.1.2.jar;D:\MVN_REPO\org\springframework\spring-jdbc\6.1.13\spring-jdbc-6.1.13.jar;"/>
    <property name="sun.cpu.endian" value="little"/>
    <property name="user.home" value="C:\Users\praka"/>
    <property name="user.language" value="en"/>
    <property name="java.specification.vendor" value="Oracle Corporation"/>
    <property name="java.version.date" value="2024-07-16"/>
    <property name="java.home" value="D:\Tools\AmazonCorretto\jdk21.0.4_7"/>
    <property name="file.separator" value="\"/>
    <property name="basedir" value="D:\Projects\WSJdk\ITGApiDocsSpring"/>
    <property name="style.color" value="always"/>
    <property name="java.vm.compressedOopsMode" value="Zero based"/>
    <property name="line.separator" value="&#10;"/>
    <property name="java.vm.specification.vendor" value="Oracle Corporation"/>
    <property name="java.specification.name" value="Java Platform API Specification"/>
    <property name="FILE_LOG_CHARSET" value="UTF-8"/>
    <property name="java.awt.headless" value="true"/>
    <property name="surefire.real.class.path" value="C:\Users\praka\AppData\Local\Temp\surefire9390522173936842075\surefirebooter-20241101220406533_3.jar"/>
    <property name="user.script" value=""/>
    <property name="sun.management.compiler" value="HotSpot 64-Bit Tiered Compilers"/>
    <property name="java.runtime.version" value="21.0.4+7-LTS"/>
    <property name="LOG_CORRELATION_PATTERN" value="%correlationId"/>
    <property name="user.name" value="praka"/>
    <property name="stdout.encoding" value="Cp1252"/>
    <property name="path.separator" value=";"/>
    <property name="os.version" value="10.0"/>
    <property name="java.runtime.name" value="OpenJDK Runtime Environment"/>
    <property name="file.encoding" value="UTF-8"/>
    <property name="java.vm.name" value="OpenJDK 64-Bit Server VM"/>
    <property name="java.vendor.version" value="Corretto-21.0.4.7.1"/>
    <property name="localRepository" value="D:\MVN_REPO"/>
    <property name="java.vendor.url.bug" value="https://github.com/corretto/corretto-21/issues/"/>
    <property name="java.io.tmpdir" value="C:\Users\praka\AppData\Local\Temp\"/>
    <property name="java.version" value="21.0.4"/>
    <property name="user.dir" value="D:\Projects\WSJdk\ITGApiDocsSpring"/>
    <property name="os.arch" value="amd64"/>
    <property name="java.vm.specification.name" value="Java Virtual Machine Specification"/>
    <property name="PID" value="34968"/>
    <property name="sun.os.patch.level" value=""/>
    <property name="CONSOLE_LOG_CHARSET" value="UTF-8"/>
    <property name="native.encoding" value="Cp1252"/>
    <property name="java.library.path" value="D:\Tools\AmazonCorretto\jdk21.0.4_7\bin;C:\Windows\Sun\Java\bin;C:\Windows\system32;C:\Windows;D:/Tools/sts-4.19.0.RELEASE//plugins/org.eclipse.justj.openjdk.hotspot.jre.full.win32.x86_64_17.0.7.v20230425-1502/jre/bin/server;D:/Tools/sts-4.19.0.RELEASE//plugins/org.eclipse.justj.openjdk.hotspot.jre.full.win32.x86_64_17.0.7.v20230425-1502/jre/bin;C:\Windows\system32;C:\Windows;C:\Windows\System32\Wbem;C:\Windows\System32\WindowsPowerShell\v1.0\;C:\Windows\System32\OpenSSH\;C:\Program Files\Docker\Docker\resources\bin;D:\Tools\TortoiseSVN\bin;C:\Program Files\Red Hat OpenShift Local\;D:\Tools\PuTTY\;C:\Users\praka\AppData\Local\Microsoft\WindowsApps;C:\Users\praka\AppData\Local\GitHubDesktop\bin;D:\Tools\Git\bin;D:\Tools\node-v20.13.1-win-x64;D:\Tools\apache-maven-3.9.4\bin;D:\Tools\sqlite-tools-win32-x86-3430000;C:\Users\praka\AppData\Local\Packages\PythonSoftwareFoundation.Python.3.11_qbz5n2kfra8p0\LocalCache\local-packages\Python311\Scripts;D:\Tools\Kubernetes\Helm;D:\Tools\Google\Cloud SDK\google-cloud-sdk\bin;D:\Tools\minikube;D:\Tools\k9s;D:\Tools\OpenShiftCLI;D:\Tools\Git;D:\Tools\AmazonCorretto\jdk21.0.4_7\bin;;D:\Tools\sts-4.19.0.RELEASE;;."/>
    <property name="java.vm.info" value="mixed mode, sharing"/>
    <property name="stderr.encoding" value="Cp1252"/>
    <property name="java.vendor" value="Amazon.com Inc."/>
    <property name="java.vm.version" value="21.0.4+7-LTS"/>
    <property name="sun.io.unicode.encoding" value="UnicodeLittle"/>
    <property name="java.class.version" value="65.0"/>
    <property name="LOGGED_APPLICATION_NAME" value="[swagger-elastic] "/>
  </properties>
  <testcase name="contextLoads" classname="com.itechgenie.apps.apidocs.ITGApiDocsApplicationTest" time="1.087">
    <system-out><![CDATA[22:04:07.414 [main] INFO org.springframework.test.context.support.AnnotationConfigContextLoaderUtils -- Could not detect default configuration classes for test class [com.itechgenie.apps.apidocs.ITGApiDocsApplicationTest]: ITGApiDocsApplicationTest does not declare any static, non-private, non-final, nested classes annotated with @Configuration.
22:04:07.491 [main] INFO org.springframework.boot.test.context.SpringBootTestContextBootstrapper -- Found @SpringBootConfiguration com.itechgenie.apps.apidocs.ITGApiDocsApplication for test class com.itechgenie.apps.apidocs.ITGApiDocsApplicationTest
22:04:07.621 [main] INFO org.springframework.boot.devtools.restart.RestartApplicationListener -- Restart disabled due to context in which it is running

  .   ____          _            __ _ _
 /\\ / ___'_ __ _ _(_)_ __  __ _ \ \ \ \
( ( )\___ | '_ | '_| | '_ \/ _` | \ \ \ \
 \\/  ___)| |_)| | | | | || (_| |  ) ) ) )
  '  |____| .__|_| |_|_| |_\__, | / / / /
 =========|_|==============|___/=/_/_/_/

 :: Spring Boot ::                (v3.3.4)

2024-11-01T22:04:07.858+05:30  INFO 34968 --- [swagger-elastic] [           main] [                                                 ] c.i.a.apidocs.ITGApiDocsApplicationTest  : Starting ITGApiDocsApplicationTest using Java 21.0.4 with PID 34968 (started by praka in D:\Projects\WSJdk\ITGApiDocsSpring)
2024-11-01T22:04:07.859+05:30  INFO 34968 --- [swagger-elastic] [           main] [                                                 ] c.i.a.apidocs.ITGApiDocsApplicationTest  : No active profile set, falling back to 1 default profile: "default"
2024-11-01T22:04:08.973+05:30  INFO 34968 --- [swagger-elastic] [           main] [                                                 ] .s.d.r.c.RepositoryConfigurationDelegate : Bootstrapping Spring Data Elasticsearch repositories in DEFAULT mode.
2024-11-01T22:04:08.990+05:30  INFO 34968 --- [swagger-elastic] [           main] [                                                 ] .s.d.r.c.RepositoryConfigurationDelegate : Finished Spring Data repository scanning in 12 ms. Found 0 Elasticsearch repository interfaces.
2024-11-01T22:04:09.286+05:30  WARN 34968 --- [swagger-elastic] [           main] [                                                 ] trationDelegate$BeanPostProcessorChecker : Bean 'SQLiteConfig' of type [com.itechgenie.apps.apidocs.configs.SQLiteConfig$$SpringCGLIB$$0] is not eligible for getting processed by all BeanPostProcessors (for example: not eligible for auto-proxying). Is this bean getting eagerly injected into a currently created BeanPostProcessor [jobRegistryBeanPostProcessor]? Check the corresponding BeanPostProcessor declaration and its dependencies.
2024-11-01T22:04:09.295+05:30  WARN 34968 --- [swagger-elastic] [           main] [                                                 ] trationDelegate$BeanPostProcessorChecker : Bean 'dataSource' of type [org.springframework.jdbc.datasource.DriverManagerDataSource] is not eligible for getting processed by all BeanPostProcessors (for example: not eligible for auto-proxying). Is this bean getting eagerly injected into a currently created BeanPostProcessor [jobRegistryBeanPostProcessor]? Check the corresponding BeanPostProcessor declaration and its dependencies.
2024-11-01T22:04:09.298+05:30  WARN 34968 --- [swagger-elastic] [           main] [                                                 ] trationDelegate$BeanPostProcessorChecker : Bean 'org.springframework.boot.autoconfigure.jdbc.DataSourceTransactionManagerAutoConfiguration$JdbcTransactionManagerConfiguration' of type [org.springframework.boot.autoconfigure.jdbc.DataSourceTransactionManagerAutoConfiguration$JdbcTransactionManagerConfiguration] is not eligible for getting processed by all BeanPostProcessors (for example: not eligible for auto-proxying). Is this bean getting eagerly injected into a currently created BeanPostProcessor [jobRegistryBeanPostProcessor]? Check the corresponding BeanPostProcessor declaration and its dependencies.
2024-11-01T22:04:09.305+05:30  WARN 34968 --- [swagger-elastic] [           main] [                                                 ] trationDelegate$BeanPostProcessorChecker : Bean 'org.springframework.boot.autoconfigure.transaction.TransactionManagerCustomizationAutoConfiguration' of type [org.springframework.boot.autoconfigure.transaction.TransactionManagerCustomizationAutoConfiguration] is not eligible for getting processed by all BeanPostProcessors (for example: not eligible for auto-proxying). Is this bean getting eagerly injected into a currently created BeanPostProcessor [jobRegistryBeanPostProcessor]? Check the corresponding BeanPostProcessor declaration and its dependencies.
2024-11-01T22:04:09.317+05:30  WARN 34968 --- [swagger-elastic] [           main] [                                                 ] trationDelegate$BeanPostProcessorChecker : Bean 'transactionExecutionListeners' of type [org.springframework.boot.autoconfigure.transaction.ExecutionListenersTransactionManagerCustomizer] is not eligible for getting processed by all BeanPostProcessors (for example: not eligible for auto-proxying). Is this bean getting eagerly injected into a currently created BeanPostProcessor [jobRegistryBeanPostProcessor]? Check the corresponding BeanPostProcessor declaration and its dependencies.
2024-11-01T22:04:09.343+05:30  WARN 34968 --- [swagger-elastic] [           main] [                                                 ] trationDelegate$BeanPostProcessorChecker : Bean 'spring.transaction-org.springframework.boot.autoconfigure.transaction.TransactionProperties' of type [org.springframework.boot.autoconfigure.transaction.TransactionProperties] is not eligible for getting processed by all BeanPostProcessors (for example: not eligible for auto-proxying). Is this bean getting eagerly injected into a currently created BeanPostProcessor [jobRegistryBeanPostProcessor]? Check the corresponding BeanPostProcessor declaration and its dependencies.
2024-11-01T22:04:09.345+05:30  WARN 34968 --- [swagger-elastic] [           main] [                                                 ] trationDelegate$BeanPostProcessorChecker : Bean 'platformTransactionManagerCustomizers' of type [org.springframework.boot.autoconfigure.transaction.TransactionManagerCustomizers] is not eligible for getting processed by all BeanPostProcessors (for example: not eligible for auto-proxying). Is this bean getting eagerly injected into a currently created BeanPostProcessor [jobRegistryBeanPostProcessor]? Check the corresponding BeanPostProcessor declaration and its dependencies.
2024-11-01T22:04:09.353+05:30  WARN 34968 --- [swagger-elastic] [           main] [                                                 ] trationDelegate$BeanPostProcessorChecker : Bean 'transactionManager' of type [org.springframework.jdbc.support.JdbcTransactionManager] is not eligible for getting processed by all BeanPostProcessors (for example: not eligible for auto-proxying). Is this bean getting eagerly injected into a currently created BeanPostProcessor [jobRegistryBeanPostProcessor]? Check the corresponding BeanPostProcessor declaration and its dependencies.
2024-11-01T22:04:09.360+05:30  WARN 34968 --- [swagger-elastic] [           main] [                                                 ] trationDelegate$BeanPostProcessorChecker : Bean 'spring.batch-org.springframework.boot.autoconfigure.batch.BatchProperties' of type [org.springframework.boot.autoconfigure.batch.BatchProperties] is not eligible for getting processed by all BeanPostProcessors (for example: not eligible for auto-proxying). Is this bean getting eagerly injected into a currently created BeanPostProcessor [jobRegistryBeanPostProcessor]? Check the corresponding BeanPostProcessor declaration and its dependencies.
2024-11-01T22:04:09.373+05:30  WARN 34968 --- [swagger-elastic] [           main] [                                                 ] trationDelegate$BeanPostProcessorChecker : Bean 'org.springframework.boot.autoconfigure.batch.BatchAutoConfiguration$SpringBootBatchConfiguration' of type [org.springframework.boot.autoconfigure.batch.BatchAutoConfiguration$SpringBootBatchConfiguration] is not eligible for getting processed by all BeanPostProcessors (for example: not eligible for auto-proxying). The currently created BeanPostProcessor [jobRegistryBeanPostProcessor] is declared through a non-static factory method on that class; consider declaring it as static instead.
FTS5 virtual table 'swaggerDocs' created.
2024-11-01T22:04:09.897+05:30  INFO 34968 --- [swagger-elastic] [           main] [                                                 ] o.s.b.a.w.s.WelcomePageHandlerMapping    : Adding welcome page: class path resource [static/index.html]
2024-11-01T22:04:11.059+05:30  INFO 34968 --- [swagger-elastic] [           main] [                                                 ] o.s.b.a.e.web.EndpointLinksResolver      : Exposing 1 endpoint beneath base path '/actuator'
2024-11-01T22:04:11.132+05:30  INFO 34968 --- [swagger-elastic] [           main] [                                                 ] c.i.a.apidocs.ITGApiDocsApplicationTest  : Started ITGApiDocsApplicationTest in 3.521 seconds (process running for 4.407)
2024-11-01T22:04:11.220+05:30  INFO 34968 --- [swagger-elastic] [           main] [                                                 ] o.s.b.a.b.JobLauncherApplicationRunner   : Running default command line with: []
]]></system-out>
    <system-err><![CDATA[WARNING: A Java agent has been loaded dynamically (D:\MVN_REPO\net\bytebuddy\byte-buddy-agent\1.14.19\byte-buddy-agent-1.14.19.jar)
WARNING: If a serviceability tool is in use, please run with -XX:+EnableDynamicAgentLoading to hide this warning
WARNING: If a serviceability tool is not in use, please run with -Djdk.instrument.traceUsage for more information
WARNING: Dynamic loading of agents will be disallowed by default in a future release
]]></system-err>
  </testcase>
</testsuite>